<?xml version="1.0" ?>
<coverage version="7.5.3" timestamp="1717366524154" lines-valid="13" lines-covered="13" line-rate="1" branches-covered="0" branches-valid="0" branch-rate="0" complexity="0">
	<!-- Generated by coverage.py: https://coverage.readthedocs.io/en/7.5.3 -->
	<!-- Based on https://raw.githubusercontent.com/cobertura/web/master/htdocs/xml/coverage-04.dtd -->
	<sources>
		<source>/Applications/XAMPP/xamppfiles/htdocs/301/Capstone</source>
	</sources>
	<packages>
		<package name="." line-rate="1" branch-rate="0" complexity="0">
			<classes>
				<class name="example.py" filename="example.py" complexity="0" line-rate="1" branch-rate="0">
					<methods/>
					<lines>
						<line number="1" hits="1"/>
						<line number="2" hits="1"/>
						<line number="4" hits="1"/>
						<line number="5" hits="1"/>
					</lines>
				</class>
				<class name="example_test.py" filename="example_test.py" complexity="0" line-rate="1" branch-rate="0">
					<methods/>
					<lines>
						<line number="1" hits="1"/>
						<line number="3" hits="1"/>
						<line number="4" hits="1"/>
						<line number="6" hits="1"/>
						<line number="7" hits="1"/>
						<line number="9" hits="1"/>
						<line number="10" hits="1"/>
						<line number="12" hits="1"/>
						<line number="13" hits="1"/>
					</lines>
				</class>
			</classes>
		</package>
	</packages>
</coverage>
